<?xml version="1.0" encoding="utf-8"?>
<urlset xmlns="http://www.sitemaps.org/schemas/sitemap/0.9">
  <url>
    <loc>https://test-interlinking-nw8a5.ondigitalocean.app/prueba-4/index.html</loc>
    <lastmod>2022-05-06</lastmod>
    <changefreq>monthly</changefreq>
    <priority>1.0</priority>
  </url>
</urlset>